╭────────────────────── Settings ──────────────────────╮
│ - ANTA Inventory contains 5 devices (AsyncEOSDevice) │
│ - Tests catalog contains 9 tests                     │
╰──────────────────────────────────────────────────────╯

[10:29:08] INFO     Preparing ANTA NRFU Run ...                                                                                                                                                                                                                                                         tools.py:294
           INFO     Connecting to devices ...                                                                                                                                                                                                                                                           tools.py:294
           INFO     Connecting to devices completed in: 0:00:00.056.                                                                                                                                                                                                                                    tools.py:302
           INFO     Preparing the tests ...                                                                                                                                                                                                                                                             tools.py:294
           INFO     Preparing the tests completed in: 0:00:00.001.                                                                                                                                                                                                                                      tools.py:302
           INFO     --- ANTA NRFU Run Information ---                                                                                                                                                                                                                                                  runner.py:270
                    Number of devices: 5 (5 established)                                                                                                                                                                                                                                                            
                    Total number of selected tests: 45                                                                                                                                                                                                                                                              
                    Maximum number of open file descriptors for the current ANTA process: 16384                                                                                                                                                                                                                     
                    ---------------------------------                                                                                                                                                                                                                                                               
           INFO     Preparing ANTA NRFU Run completed in: 0:00:00.069.                                                                                                                                                                                                                                  tools.py:302
           INFO     Running ANTA tests ...                                                                                                                                                                                                                                                              tools.py:294
[10:29:09] INFO     Running ANTA tests completed in: 0:00:00.936.                                                                                                                                                                                                                                       tools.py:302
           INFO     Cache statistics for 's1-spine1': 1 hits / 9 command(s) (11.11%)                                                                                                                                                                                                                    runner.py:75
           INFO     Cache statistics for 's1-spine2': 1 hits / 9 command(s) (11.11%)                                                                                                                                                                                                                    runner.py:75
           INFO     Cache statistics for 's1-leaf1': 1 hits / 9 command(s) (11.11%)                                                                                                                                                                                                                     runner.py:75
           INFO     Cache statistics for 's1-leaf2': 1 hits / 9 command(s) (11.11%)                                                                                                                                                                                                                     runner.py:75
           INFO     Cache statistics for 's1-leaf3': 1 hits / 9 command(s) (11.11%)                                                                                                                                                                                                                     runner.py:75
  • Running NRFU Tests...100% ━━━━━━━━━━━━━━━━━━━━━━━━━━━━━━━━━━━━━━━━━━━━━━━━━━━━━━━━━━━━━━━━━━━━━━━━━━━━━━━━━━━━━━━━━━━━━━━━━━━━━━━━━━━━━━━━━━━━━━━━━━━━━━━━━━━━━━━━━━━━━━━━━━━━━━━━━━━━━━━━━━━━━━━━━━━━━━━━━━━━━━━━━━━━━━━━━━━━━━━━━━━━━━━━━━━━━━━━━━━━━━━━━━━━━━━━━━━━━━━━━━━━━━━━━━━━ 45/45 • 0:00:00 • 0:00:00

                                                                                                                                                 All tests results                                                                                                                                                  
┏━━━━━━━━━━━┳━━━━━━━━━━━━━━━━━━━━━━━━━━┳━━━━━━━━━━━━━┳━━━━━━━━━━━━━━━━━━━━━━━━━━━━━━━━━━━━━━━━━━━━━━━━━━━━━━━━━━━━━━━━━━━━━━━━━━━━━━━━━━━━━━━━━━━━━━━━━━━━━━━━━━━━━━━━━━━━━━━━━━━━━━━━━━━━━━━━━━━━━━━━━━━━━━━━━┳━━━━━━━━━━━━━━━━━━━━━━━━━━━━━━━━━━━━━━━━━━━━━━━━━━━━━━━━━━━━━━━━━━━━━━━━━━━━━━━━━━━┳━━━━━━━━━━━━━━━┓
┃ Device    ┃ Test Name                ┃ Test Status ┃ Message(s)                                                                                                                                              ┃ Test description                                                                  ┃ Test category ┃
┡━━━━━━━━━━━╇━━━━━━━━━━━━━━━━━━━━━━━━━━╇━━━━━━━━━━━━━╇━━━━━━━━━━━━━━━━━━━━━━━━━━━━━━━━━━━━━━━━━━━━━━━━━━━━━━━━━━━━━━━━━━━━━━━━━━━━━━━━━━━━━━━━━━━━━━━━━━━━━━━━━━━━━━━━━━━━━━━━━━━━━━━━━━━━━━━━━━━━━━━━━━━━━━━━━╇━━━━━━━━━━━━━━━━━━━━━━━━━━━━━━━━━━━━━━━━━━━━━━━━━━━━━━━━━━━━━━━━━━━━━━━━━━━━━━━━━━━╇━━━━━━━━━━━━━━━┩
│ s1-spine1 │ VerifyMlagInterfaces     │ skipped     │ MLAG is disabled                                                                                                                                        │ Verifies there are no inactive or active-partial MLAG ports.                      │ MLAG          │
├───────────┼──────────────────────────┼─────────────┼─────────────────────────────────────────────────────────────────────────────────────────────────────────────────────────────────────────────────────────┼───────────────────────────────────────────────────────────────────────────────────┼───────────────┤
│ s1-spine1 │ VerifyZeroTouch          │ success     │                                                                                                                                                         │ Verifies ZeroTouch is disabled                                                    │ Configuration │
├───────────┼──────────────────────────┼─────────────┼─────────────────────────────────────────────────────────────────────────────────────────────────────────────────────────────────────────────────────────┼───────────────────────────────────────────────────────────────────────────────────┼───────────────┤
│ s1-spine1 │ VerifyMlagConfigSanity   │ skipped     │ MLAG is disabled                                                                                                                                        │ Verifies there are no MLAG config-sanity inconsistencies.                         │ MLAG          │
├───────────┼──────────────────────────┼─────────────┼─────────────────────────────────────────────────────────────────────────────────────────────────────────────────────────────────────────────────────────┼───────────────────────────────────────────────────────────────────────────────────┼───────────────┤
│ s1-spine1 │ VerifyUptime             │ success     │                                                                                                                                                         │ Verifies the device uptime.                                                       │ System        │
├───────────┼──────────────────────────┼─────────────┼─────────────────────────────────────────────────────────────────────────────────────────────────────────────────────────────────────────────────────────┼───────────────────────────────────────────────────────────────────────────────────┼───────────────┤
│ s1-spine1 │ VerifyRunningConfigDiffs │ success     │                                                                                                                                                         │ Verifies there is no difference between the running-config and the startup-config │ Configuration │
├───────────┼──────────────────────────┼─────────────┼─────────────────────────────────────────────────────────────────────────────────────────────────────────────────────────────────────────────────────────┼───────────────────────────────────────────────────────────────────────────────────┼───────────────┤
[...]
├───────────┼──────────────────────────┼─────────────┼─────────────────────────────────────────────────────────────────────────────────────────────────────────────────────────────────────────────────────────┼───────────────────────────────────────────────────────────────────────────────────┼───────────────┤
│ s1-leaf3  │ VerifyNTP                │ success     │                                                                                                                                                         │ Verifies if NTP is synchronised.                                                  │ System        │
├───────────┼──────────────────────────┼─────────────┼─────────────────────────────────────────────────────────────────────────────────────────────────────────────────────────────────────────────────────────┼───────────────────────────────────────────────────────────────────────────────────┼───────────────┤
│ s1-leaf3  │ VerifyTerminAttrVersion  │ failure     │ device is running TerminAttr version v1.34.0 and is not in the allowed list: ['v1.22.1']                                                                │ Verifies the TerminAttr version of the device.                                    │ Software      │
└───────────┴──────────────────────────┴─────────────┴─────────────────────────────────────────────────────────────────────────────────────────────────────────────────────────────────────────────────────────┴───────────────────────────────────────────────────────────────────────────────────┴───────────────┘
